<?xml version='1.0' encoding='UTF-8'?>
<testsuite hostname="a5cf1d07a499" name="pipesql.PipeSqlParserSpec" tests="4" errors="0" failures="0" skipped="0" time="0.084" timestamp="2025-07-09T14:43:14">
          <properties>
[...]
</properties>
          <testcase classname="pipesql.PipeSqlParserSpec" name="parser should build expected AST for sample query" time="0.082">
                      
                    </testcase><testcase classname="pipesql.PipeSqlParserSpec" name="parser should accept simple FROM clause" time="0.001">
                      
                    </testcase><testcase classname="pipesql.PipeSqlParserSpec" name="parser should accept ORDER BY with space before direction keyword" time="0.001">
                      
                    </testcase><testcase classname="pipesql.PipeSqlParserSpec" name="parser should accept ORDER BY with newline before direction keyword" time="0.0">
                      
                    </testcase>
          <system-out><![CDATA[]]></system-out>
          <system-err><![CDATA[]]></system-err>
        </testsuite>